# JRE version: Java(TM) SE Runtime Environment (8.0_91-b14) (build 1.8.0_91-b14)
# Java VM: Java HotSpot(TM) 64-Bit Server VM (25.91-b14 mixed mode windows-amd64 compressed oops)
Heap:
 PSYoungGen      total 31744K, used 25336K [0x00000000e0980000, 0x00000000e3380000, 0x0000000100000000)
  eden space 22528K, 87% used [0x00000000e0980000,0x00000000e1cc6c90,0x00000000e1f80000)
  from space 9216K, 60% used [0x00000000e2a80000,0x00000000e2ff7480,0x00000000e3380000)
  to   space 10240K, 0% used [0x00000000e1f80000,0x00000000e1f80000,0x00000000e2980000)
 ParOldGen       total 65536K, used 12549K [0x00000000a1c00000, 0x00000000a5c00000, 0x00000000e0980000)
  object space 65536K, 19% used [0x00000000a1c00000,0x00000000a28416b8,0x00000000a5c00000)
 Metaspace       used 20085K, capacity 20339K, committed 20480K, reserved 1067008K
  class space    used 1935K, capacity 2011K, committed 2048K, reserved 1048576K
GC Heap History (10 events):
Event: 6.504 GC heap before
{Heap before GC invocations=4 (full 0):
 PSYoungGen      total 28672K, used 26457K [0x00000000e0980000, 0x00000000e2980000, 0x0000000100000000)
  eden space 24576K, 91% used [0x00000000e0980000,0x00000000e1f6ccf8,0x00000000e2180000)
  from space 4096K, 97% used [0x00000000e2180000,0x00000000e25698a0,0x00000000e2580000)
  to   space 4096K, 0% used [0x00000000e2580000,0x00000000e2580000,0x00000000e2980000)
 ParOldGen       total 65536K, used 92K [0x00000000a1c00000, 0x00000000a5c00000, 0x00000000e0980000)
  object space 65536K, 0% used [0x00000000a1c00000,0x00000000a1c173c0,0x00000000a5c00000)
 Metaspace       used 18479K, capacity 18651K, committed 18944K, reserved 1067008K
  class space    used 1879K, capacity 1945K, committed 2048K, reserved 1048576K
Event: 6.511 GC heap after
Heap after GC invocations=4 (full 0):
 PSYoungGen      total 28672K, used 4081K [0x00000000e0980000, 0x00000000e2980000, 0x0000000100000000)
  eden space 24576K, 0% used [0x00000000e0980000,0x00000000e0980000,0x00000000e2180000)
  from space 4096K, 99% used [0x00000000e2580000,0x00000000e297c770,0x00000000e2980000)
  to   space 4096K, 0% used [0x00000000e2180000,0x00000000e2180000,0x00000000e2580000)
 ParOldGen       total 65536K, used 1752K [0x00000000a1c00000, 0x00000000a5c00000, 0x00000000e0980000)
  object space 65536K, 2% used [0x00000000a1c00000,0x00000000a1db6210,0x00000000a5c00000)
 Metaspace       used 18479K, capacity 18651K, committed 18944K, reserved 1067008K
  class space    used 1879K, capacity 1945K, committed 2048K, reserved 1048576K
}
Event: 7.322 GC heap before
{Heap before GC invocations=5 (full 0):
 PSYoungGen      total 28672K, used 28561K [0x00000000e0980000, 0x00000000e2980000, 0x0000000100000000)
  eden space 24576K, 99% used [0x00000000e0980000,0x00000000e2167f30,0x00000000e2180000)
  from space 4096K, 99% used [0x00000000e2580000,0x00000000e297c770,0x00000000e2980000)
  to   space 4096K, 0% used [0x00000000e2180000,0x00000000e2180000,0x00000000e2580000)
 ParOldGen       total 65536K, used 1752K [0x00000000a1c00000, 0x00000000a5c00000, 0x00000000e0980000)
  object space 65536K, 2% used [0x00000000a1c00000,0x00000000a1db6210,0x00000000a5c00000)
 Metaspace       used 19302K, capacity 19455K, committed 19712K, reserved 1067008K
  class space    used 1927K, capacity 1977K, committed 2048K, reserved 1048576K
Event: 7.335 GC heap after
Heap after GC invocations=5 (full 0):
 PSYoungGen      total 28160K, used 4076K [0x00000000e0980000, 0x00000000e3800000, 0x0000000100000000)
  eden space 24064K, 0% used [0x00000000e0980000,0x00000000e0980000,0x00000000e2100000)
  from space 4096K, 99% used [0x00000000e2180000,0x00000000e257b3e0,0x00000000e2580000)
  to   space 11776K, 0% used [0x00000000e2c80000,0x00000000e2c80000,0x00000000e3800000)
 ParOldGen       total 65536K, used 11371K [0x00000000a1c00000, 0x00000000a5c00000, 0x00000000e0980000)
  object space 65536K, 17% used [0x00000000a1c00000,0x00000000a271acf0,0x00000000a5c00000)
 Metaspace       used 19302K, capacity 19455K, committed 19712K, reserved 1067008K
  class space    used 1927K, capacity 1977K, committed 2048K, reserved 1048576K
}
Event: 9.766 GC heap before
{Heap before GC invocations=6 (full 0):
 PSYoungGen      total 28160K, used 28140K [0x00000000e0980000, 0x00000000e3800000, 0x0000000100000000)
  eden space 24064K, 100% used [0x00000000e0980000,0x00000000e2100000,0x00000000e2100000)
  from space 4096K, 99% used [0x00000000e2180000,0x00000000e257b3e0,0x00000000e2580000)
  to   space 11776K, 0% used [0x00000000e2c80000,0x00000000e2c80000,0x00000000e3800000)
 ParOldGen       total 65536K, used 11371K [0x00000000a1c00000, 0x00000000a5c00000, 0x00000000e0980000)
  object space 65536K, 17% used [0x00000000a1c00000,0x00000000a271acf0,0x00000000a5c00000)
 Metaspace       used 19573K, capacity 19717K, committed 19968K, reserved 1067008K
  class space    used 1927K, capacity 1978K, committed 2048K, reserved 1048576K
Event: 9.794 GC heap after
Heap after GC invocations=6 (full 0):
 PSYoungGen      total 33792K, used 6765K [0x00000000e0980000, 0x00000000e3680000, 0x0000000100000000)
  eden space 23552K, 0% used [0x00000000e0980000,0x00000000e0980000,0x00000000e2080000)
  from space 10240K, 66% used [0x00000000e2c80000,0x00000000e331b490,0x00000000e3680000)
  to   space 11264K, 0% used [0x00000000e2080000,0x00000000e2080000,0x00000000e2b80000)
 ParOldGen       total 65536K, used 11379K [0x00000000a1c00000, 0x00000000a5c00000, 0x00000000e0980000)
  object space 65536K, 17% used [0x00000000a1c00000,0x00000000a271ccf0,0x00000000a5c00000)
 Metaspace       used 19573K, capacity 19717K, committed 19968K, reserved 1067008K
  class space    used 1927K, capacity 1978K, committed 2048K, reserved 1048576K
}
Event: 16.712 GC heap before
{Heap before GC invocations=7 (full 0):
 PSYoungGen      total 33792K, used 30317K [0x00000000e0980000, 0x00000000e3680000, 0x0000000100000000)
  eden space 23552K, 100% used [0x00000000e0980000,0x00000000e2080000,0x00000000e2080000)
  from space 10240K, 66% used [0x00000000e2c80000,0x00000000e331b490,0x00000000e3680000)
  to   space 11264K, 0% used [0x00000000e2080000,0x00000000e2080000,0x00000000e2b80000)
 ParOldGen       total 65536K, used 11379K [0x00000000a1c00000, 0x00000000a5c00000, 0x00000000e0980000)
  object space 65536K, 17% used [0x00000000a1c00000,0x00000000a271ccf0,0x00000000a5c00000)
 Metaspace       used 19969K, capacity 20173K, committed 20480K, reserved 1067008K
  class space    used 1929K, capacity 1978K, committed 2048K, reserved 1048576K
Event: 16.727 GC heap after
Heap after GC invocations=7 (full 0):
 PSYoungGen      total 29696K, used 6238K [0x00000000e0980000, 0x00000000e3500000, 0x0000000100000000)
  eden space 23040K, 0% used [0x00000000e0980000,0x00000000e0980000,0x00000000e2000000)
  from space 6656K, 93% used [0x00000000e2080000,0x00000000e2697bc0,0x00000000e2700000)
  to   space 10752K, 0% used [0x00000000e2a80000,0x00000000e2a80000,0x00000000e3500000)
 ParOldGen       total 65536K, used 12029K [0x00000000a1c00000, 0x00000000a5c00000, 0x00000000e0980000)
  object space 65536K, 18% used [0x00000000a1c00000,0x00000000a27bf4d8,0x00000000a5c00000)
 Metaspace       used 19969K, capacity 20173K, committed 20480K, reserved 1067008K
  class space    used 1929K, capacity 1978K, committed 2048K, reserved 1048576K
}
Event: 21.086 GC heap before
{Heap before GC invocations=8 (full 0):
 PSYoungGen      total 29696K, used 29278K [0x00000000e0980000, 0x00000000e3500000, 0x0000000100000000)
  eden space 23040K, 100% used [0x00000000e0980000,0x00000000e2000000,0x00000000e2000000)
  from space 6656K, 93% used [0x00000000e2080000,0x00000000e2697bc0,0x00000000e2700000)
  to   space 10752K, 0% used [0x00000000e2a80000,0x00000000e2a80000,0x00000000e3500000)
 ParOldGen       total 65536K, used 12029K [0x00000000a1c00000, 0x00000000a5c00000, 0x00000000e0980000)
  object space 65536K, 18% used [0x00000000a1c00000,0x00000000a27bf4d8,0x00000000a5c00000)
 Metaspace       used 20052K, capacity 20237K, committed 20480K, reserved 1067008K
  class space    used 1929K, capacity 1978K, committed 2048K, reserved 1048576K
Event: 21.094 GC heap after
Heap after GC invocations=8 (full 0):
 PSYoungGen      total 31744K, used 5597K [0x00000000e0980000, 0x00000000e3380000, 0x0000000100000000)
  eden space 22528K, 0% used [0x00000000e0980000,0x00000000e0980000,0x00000000e1f80000)
  from space 9216K, 60% used [0x00000000e2a80000,0x00000000e2ff7480,0x00000000e3380000)
  to   space 10240K, 0% used [0x00000000e1f80000,0x00000000e1f80000,0x00000000e2980000)
 ParOldGen       total 65536K, used 12549K [0x00000000a1c00000, 0x00000000a5c00000, 0x00000000e0980000)
  object space 65536K, 19% used [0x00000000a1c00000,0x00000000a28416b8,0x00000000a5c00000)
 Metaspace       used 20052K, capacity 20237K, committed 20480K, reserved 1067008K
  class space    used 1929K, capacity 1978K, committed 2048K, reserved 1048576K
}

